<?xml version="1.0" encoding="UTF-8"?>
<testsuite name="org.jasome.metrics.calculators.RobertMartinCouplingCalculatorSpec" tests="4" skipped="0" failures="0" errors="0" timestamp="2019-11-14T22:14:30" hostname="dcc-m055.nrc.ice.ufjf.br" time="0.386">
  <properties/>
  <testcase name="calculate simple coupling metrics" classname="org.jasome.metrics.calculators.RobertMartinCouplingCalculatorSpec" time="0.181"/>
  <testcase name="calculate assumes contradictory names are used within the package" classname="org.jasome.metrics.calculators.RobertMartinCouplingCalculatorSpec" time="0.082"/>
  <testcase name="doesn't count non-public classes" classname="org.jasome.metrics.calculators.RobertMartinCouplingCalculatorSpec" time="0.059"/>
  <testcase name="able to see public static classes" classname="org.jasome.metrics.calculators.RobertMartinCouplingCalculatorSpec" time="0.063"/>
  <system-out><![CDATA[]]></system-out>
  <system-err><![CDATA[Running tests using source dir /var/folders/29/n42nfjds1kjfr7zfnxl863s40000gn/T/1573769670818-0/Testsaoks
Running tests using source dir /var/folders/29/n42nfjds1kjfr7zfnxl863s40000gn/T/1573769670999-0/Testplaof
Running tests using source dir /var/folders/29/n42nfjds1kjfr7zfnxl863s40000gn/T/1573769671082-0/Testqlsaz
Running tests using source dir /var/folders/29/n42nfjds1kjfr7zfnxl863s40000gn/T/1573769671141-0/Testyjupz
]]></system-err>
</testsuite>
