<?xml version="1.0" encoding="UTF-8"?>
<testsuite name="org.jasome.metrics.calculators.CyclomaticComplexityCalculatorSpec" tests="6" skipped="0" failures="0" errors="0" timestamp="2019-11-14T22:14:28" hostname="dcc-m055.nrc.ice.ufjf.br" time="0.388">
  <properties/>
  <testcase name="calculate simple metric" classname="org.jasome.metrics.calculators.CyclomaticComplexityCalculatorSpec" time="0.099"/>
  <testcase name="calculate includes for statments" classname="org.jasome.metrics.calculators.CyclomaticComplexityCalculatorSpec" time="0.055"/>
  <testcase name="calculate uses case statements but doesn't count switch or default" classname="org.jasome.metrics.calculators.CyclomaticComplexityCalculatorSpec" time="0.062"/>
  <testcase name="calculate takes &amp;&amp; and || into account" classname="org.jasome.metrics.calculators.CyclomaticComplexityCalculatorSpec" time="0.061"/>
  <testcase name="calculate looks at ternary" classname="org.jasome.metrics.calculators.CyclomaticComplexityCalculatorSpec" time="0.063"/>
  <testcase name="calculate for loops" classname="org.jasome.metrics.calculators.CyclomaticComplexityCalculatorSpec" time="0.048"/>
  <system-out><![CDATA[]]></system-out>
  <system-err><![CDATA[Running tests using source dir /var/folders/29/n42nfjds1kjfr7zfnxl863s40000gn/T/1573769668304-0/Testixctj
Running tests using source dir /var/folders/29/n42nfjds1kjfr7zfnxl863s40000gn/T/1573769668394-0/Testbfzhl
Running tests using source dir /var/folders/29/n42nfjds1kjfr7zfnxl863s40000gn/T/1573769668449-0/Testeqngf
Running tests using source dir /var/folders/29/n42nfjds1kjfr7zfnxl863s40000gn/T/1573769668511-0/Testkijgz
Running tests using source dir /var/folders/29/n42nfjds1kjfr7zfnxl863s40000gn/T/1573769668573-0/Testyunzv
Running tests using source dir /var/folders/29/n42nfjds1kjfr7zfnxl863s40000gn/T/1573769668636-0/Testdbxli
]]></system-err>
</testsuite>
