<?xml version="1.0" encoding="UTF-8"?>
<testsuite name="org.jasome.metrics.calculators.SpecializationIndexCalculatorSpec" tests="8" skipped="0" failures="0" errors="0" timestamp="2019-11-14T22:14:31" hostname="dcc-m055.nrc.ice.ufjf.br" time="0.417">
  <properties/>
  <testcase name="calculate simple metric" classname="org.jasome.metrics.calculators.SpecializationIndexCalculatorSpec" time="0.054"/>
  <testcase name="calculate depth and use maximum even if a minimum path to a root node is shorter" classname="org.jasome.metrics.calculators.SpecializationIndexCalculatorSpec" time="0.05"/>
  <testcase name="calculate depth uses the correct class when classes have same name" classname="org.jasome.metrics.calculators.SpecializationIndexCalculatorSpec" time="0.059"/>
  <testcase name="calculate depth uses the correct class even if it's not the closest class when classes have same name" classname="org.jasome.metrics.calculators.SpecializationIndexCalculatorSpec" time="0.072"/>
  <testcase name="calculate number of overridden methods" classname="org.jasome.metrics.calculators.SpecializationIndexCalculatorSpec" time="0.05"/>
  <testcase name="calculate number of overridden methods works when the overriding method doesn't use the same parameter names" classname="org.jasome.metrics.calculators.SpecializationIndexCalculatorSpec" time="0.046"/>
  <testcase name="does not double count methods in the inheritance hierarchy" classname="org.jasome.metrics.calculators.SpecializationIndexCalculatorSpec" time="0.042"/>
  <testcase name="calculate specialization index" classname="org.jasome.metrics.calculators.SpecializationIndexCalculatorSpec" time="0.044"/>
  <system-out><![CDATA[]]></system-out>
  <system-err><![CDATA[Running tests using source dir /var/folders/29/n42nfjds1kjfr7zfnxl863s40000gn/T/1573769671969-0/Testwbpuj
Running tests using source dir /var/folders/29/n42nfjds1kjfr7zfnxl863s40000gn/T/1573769672023-0/Testbcvog
Running tests using source dir /var/folders/29/n42nfjds1kjfr7zfnxl863s40000gn/T/1573769672073-0/Testvjzmr
Running tests using source dir /var/folders/29/n42nfjds1kjfr7zfnxl863s40000gn/T/1573769672132-0/Testqxgqf
Running tests using source dir /var/folders/29/n42nfjds1kjfr7zfnxl863s40000gn/T/1573769672205-0/Testrlngl
Running tests using source dir /var/folders/29/n42nfjds1kjfr7zfnxl863s40000gn/T/1573769672254-0/Testxmwhq
Running tests using source dir /var/folders/29/n42nfjds1kjfr7zfnxl863s40000gn/T/1573769672301-0/Testxsbzp
Running tests using source dir /var/folders/29/n42nfjds1kjfr7zfnxl863s40000gn/T/1573769672342-0/Testnscya
]]></system-err>
</testsuite>
