<?xml version="1.0" encoding="UTF-8"?>
<testsuite name="org.jasome.metrics.NumericValueTest" tests="11" skipped="0" failures="0" errors="0" timestamp="2019-11-14T22:14:26" hostname="dcc-m055.nrc.ice.ufjf.br" time="0.178">
  <properties/>
  <testcase name="can add" classname="org.jasome.metrics.NumericValueTest" time="0.091"/>
  <testcase name="can negate" classname="org.jasome.metrics.NumericValueTest" time="0.001"/>
  <testcase name="can subtract" classname="org.jasome.metrics.NumericValueTest" time="0.006"/>
  <testcase name="can multiply" classname="org.jasome.metrics.NumericValueTest" time="0.001"/>
  <testcase name="can divide" classname="org.jasome.metrics.NumericValueTest" time="0.002"/>
  <testcase name="can exponentiate" classname="org.jasome.metrics.NumericValueTest" time="0.004"/>
  <testcase name="can compare" classname="org.jasome.metrics.NumericValueTest" time="0.001"/>
  <testcase name="can max" classname="org.jasome.metrics.NumericValueTest" time="0.001"/>
  <testcase name="can min" classname="org.jasome.metrics.NumericValueTest" time="0.001"/>
  <testcase name="can abs" classname="org.jasome.metrics.NumericValueTest" time="0.001"/>
  <testcase name="can collect" classname="org.jasome.metrics.NumericValueTest" time="0.067"/>
  <system-out><![CDATA[]]></system-out>
  <system-err><![CDATA[]]></system-err>
</testsuite>
