<?xml version="1.0" encoding="UTF-8"?>
<testsuite name="org.jasome.metrics.calculators.RawTotalLinesOfCodeCalculatorSpec" tests="3" skipped="0" failures="0" errors="0" timestamp="2019-11-14T22:14:31" hostname="dcc-m055.nrc.ice.ufjf.br" time="0.138">
  <properties/>
  <testcase name="calculate simple metric" classname="org.jasome.metrics.calculators.RawTotalLinesOfCodeCalculatorSpec" time="0.049"/>
  <testcase name="calculate counts raw lines of code in a class including comments" classname="org.jasome.metrics.calculators.RawTotalLinesOfCodeCalculatorSpec" time="0.045"/>
  <testcase name="calculate class length when only one line" classname="org.jasome.metrics.calculators.RawTotalLinesOfCodeCalculatorSpec" time="0.044"/>
  <system-out><![CDATA[]]></system-out>
  <system-err><![CDATA[Running tests using source dir /var/folders/29/n42nfjds1kjfr7zfnxl863s40000gn/T/1573769671827-0/Testhorqr
Running tests using source dir /var/folders/29/n42nfjds1kjfr7zfnxl863s40000gn/T/1573769671876-0/Testuquym
Running tests using source dir /var/folders/29/n42nfjds1kjfr7zfnxl863s40000gn/T/1573769671920-0/Testqusdi
]]></system-err>
</testsuite>
