<?xml version="1.0" encoding="UTF-8"?>
<testsuite name="org.jasome.input.ScannerSpec" tests="1" skipped="0" failures="0" errors="0" timestamp="2019-11-14T22:14:32" hostname="dcc-m055.nrc.ice.ufjf.br" time="0.015">
  <properties/>
  <testcase name="gracefully handles unparseable files" classname="org.jasome.input.ScannerSpec" time="0.015"/>
  <system-out><![CDATA[]]></system-out>
  <system-err><![CDATA[[Test worker] WARN org.jasome.input.Scanner - Unable to parse code from file %s, ignoring

[Test worker] WARN org.jasome.input.Scanner - [(line 4,col 5) Parse error. Found "void", expected one of  "enum" "exports" "module" "open" "opens" "provides" "requires" "strictfp" "to" "transitive" "uses" "with" <IDENTIFIER>
Problem stacktrace : 
  com.github.javaparser.GeneratedJavaParser.generateParseException(GeneratedJavaParser.java:10315)
  com.github.javaparser.GeneratedJavaParser.jj_consume_token(GeneratedJavaParser.java:10174)
  com.github.javaparser.GeneratedJavaParser.Identifier(GeneratedJavaParser.java:2153)
  com.github.javaparser.GeneratedJavaParser.SimpleName(GeneratedJavaParser.java:2092)
  com.github.javaparser.GeneratedJavaParser.MethodDeclaration(GeneratedJavaParser.java:1205)
  com.github.javaparser.GeneratedJavaParser.ClassOrInterfaceBodyDeclaration(GeneratedJavaParser.java:951)
  com.github.javaparser.GeneratedJavaParser.ClassOrInterfaceBody(GeneratedJavaParser.java:845)
  com.github.javaparser.GeneratedJavaParser.ClassOrInterfaceDeclaration(GeneratedJavaParser.java:407)
  com.github.javaparser.GeneratedJavaParser.CompilationUnit(GeneratedJavaParser.java:153)
  com.github.javaparser.ParseStart$$Lambda$49/123387464.parse(Unknown Source)
  com.github.javaparser.JavaParser.parse(JavaParser.java:130)
  com.github.javaparser.JavaParser.simplifiedParse(JavaParser.java:329)
  com.github.javaparser.JavaParser.parse(JavaParser.java:301)
  org.jasome.input.Scanner.configureParserAndResolver(Scanner.java:101)
  org.jasome.input.Scanner.doScan(Scanner.java:30)
  org.jasome.input.FileScanner.scan(FileScanner.java:51)
  org.jasome.input.FileScanner$scan.call(Unknown Source)
  org.codehaus.groovy.runtime.callsite.CallSiteArray.defaultCall(CallSiteArray.java:48)
  org.codehaus.groovy.runtime.callsite.AbstractCallSite.call(AbstractCallSite.java:113)
  org.codehaus.groovy.runtime.callsite.AbstractCallSite.call(AbstractCallSite.java:117)
  org.jasome.util.TestUtil.projectFromResources(TestUtil.groovy:59)
  org.jasome.util.TestUtil$projectFromResources$3.callStatic(Unknown Source)
  org.codehaus.groovy.runtime.callsite.CallSiteArray.defaultCallStatic(CallSiteArray.java:56)
  org.codehaus.groovy.runtime.callsite.AbstractCallSite.callStatic(AbstractCallSite.java:194)
  org.codehaus.groovy.runtime.callsite.AbstractCallSite.callStatic(AbstractCallSite.java:206)
  org.jasome.input.ScannerSpec.$spock_feature_0_0(ScannerSpec.groovy:12)
  sun.reflect.NativeMethodAccessorImpl.invoke0(Native Method)
  sun.reflect.NativeMethodAccessorImpl.invoke(NativeMethodAccessorImpl.java:62)
  sun.reflect.DelegatingMethodAccessorImpl.invoke(DelegatingMethodAccessorImpl.java:43)
  java.lang.reflect.Method.invoke(Method.java:497)
  org.spockframework.util.ReflectionUtil.invokeMethod(ReflectionUtil.java:153)
  org.spockframework.runtime.model.MethodInfo.invoke(MethodInfo.java:84)
  org.spockframework.runtime.BaseSpecRunner.invokeRaw(BaseSpecRunner.java:480)
  org.spockframework.runtime.BaseSpecRunner.invoke(BaseSpecRunner.java:463)
  org.spockframework.runtime.BaseSpecRunner.runFeatureMethod(BaseSpecRunner.java:405)
  org.spockframework.runtime.BaseSpecRunner.doRunIteration(BaseSpecRunner.java:324)
  org.spockframework.runtime.BaseSpecRunner$6.invoke(BaseSpecRunner.java:309)
  org.spockframework.runtime.BaseSpecRunner.invokeRaw(BaseSpecRunner.java:480)
  org.spockframework.runtime.BaseSpecRunner.invoke(BaseSpecRunner.java:463)
  org.spockframework.runtime.BaseSpecRunner.runIteration(BaseSpecRunner.java:288)
  org.spockframework.runtime.BaseSpecRunner.initializeAndRunIteration(BaseSpecRunner.java:278)
  org.spockframework.runtime.BaseSpecRunner.runSimpleFeature(BaseSpecRunner.java:269)
  org.spockframework.runtime.BaseSpecRunner.doRunFeature(BaseSpecRunner.java:263)
  org.spockframework.runtime.BaseSpecRunner$5.invoke(BaseSpecRunner.java:246)
  org.spockframework.runtime.BaseSpecRunner.invokeRaw(BaseSpecRunner.java:480)
  org.spockframework.runtime.BaseSpecRunner.invoke(BaseSpecRunner.java:463)
  org.spockframework.runtime.BaseSpecRunner.runFeature(BaseSpecRunner.java:238)
  org.spockframework.runtime.BaseSpecRunner.runFeatures(BaseSpecRunner.java:188)
  org.spockframework.runtime.BaseSpecRunner.doRunSpec(BaseSpecRunner.java:98)
  org.spockframework.runtime.BaseSpecRunner$1.invoke(BaseSpecRunner.java:84)
  org.spockframework.runtime.BaseSpecRunner.invokeRaw(BaseSpecRunner.java:480)
  org.spockframework.runtime.BaseSpecRunner.invoke(BaseSpecRunner.java:463)
  org.spockframework.runtime.BaseSpecRunner.runSpec(BaseSpecRunner.java:76)
  org.spockframework.runtime.BaseSpecRunner.run(BaseSpecRunner.java:67)
  org.spockframework.runtime.Sputnik.run(Sputnik.java:63)
  org.gradle.api.internal.tasks.testing.junit.JUnitTestClassExecutor.runTestClass(JUnitTestClassExecutor.java:110)
  org.gradle.api.internal.tasks.testing.junit.JUnitTestClassExecutor.execute(JUnitTestClassExecutor.java:58)
  org.gradle.api.internal.tasks.testing.junit.JUnitTestClassExecutor.execute(JUnitTestClassExecutor.java:38)
  org.gradle.api.internal.tasks.testing.junit.AbstractJUnitTestClassProcessor.processTestClass(AbstractJUnitTestClassProcessor.java:62)
  org.gradle.api.internal.tasks.testing.SuiteTestClassProcessor.processTestClass(SuiteTestClassProcessor.java:51)
  sun.reflect.GeneratedMethodAccessor19.invoke(Unknown Source)
  sun.reflect.DelegatingMethodAccessorImpl.invoke(DelegatingMethodAccessorImpl.java:43)
  java.lang.reflect.Method.invoke(Method.java:497)
  org.gradle.internal.dispatch.ReflectionDispatch.dispatch(ReflectionDispatch.java:36)
  org.gradle.internal.dispatch.ReflectionDispatch.dispatch(ReflectionDispatch.java:24)
  org.gradle.internal.dispatch.ContextClassLoaderDispatch.dispatch(ContextClassLoaderDispatch.java:33)
  org.gradle.internal.dispatch.ProxyDispatchAdapter$DispatchingInvocationHandler.invoke(ProxyDispatchAdapter.java:94)
  com.sun.proxy.$Proxy2.processTestClass(Unknown Source)
  org.gradle.api.internal.tasks.testing.worker.TestWorker.processTestClass(TestWorker.java:118)
  sun.reflect.GeneratedMethodAccessor18.invoke(Unknown Source)
  sun.reflect.DelegatingMethodAccessorImpl.invoke(DelegatingMethodAccessorImpl.java:43)
  java.lang.reflect.Method.invoke(Method.java:497)
  org.gradle.internal.dispatch.ReflectionDispatch.dispatch(ReflectionDispatch.java:36)
  org.gradle.internal.dispatch.ReflectionDispatch.dispatch(ReflectionDispatch.java:24)
  org.gradle.internal.remote.internal.hub.MessageHubBackedObjectConnection$DispatchWrapper.dispatch(MessageHubBackedObjectConnection.java:182)
  org.gradle.internal.remote.internal.hub.MessageHubBackedObjectConnection$DispatchWrapper.dispatch(MessageHubBackedObjectConnection.java:164)
  org.gradle.internal.remote.internal.hub.MessageHub$Handler.run(MessageHub.java:412)
  org.gradle.internal.concurrent.ExecutorPolicy$CatchAndRecordFailures.onExecute(ExecutorPolicy.java:64)
  org.gradle.internal.concurrent.ManagedExecutorImpl$1.run(ManagedExecutorImpl.java:48)
  java.util.concurrent.ThreadPoolExecutor.runWorker(ThreadPoolExecutor.java:1142)
  java.util.concurrent.ThreadPoolExecutor$Worker.run(ThreadPoolExecutor.java:617)
  org.gradle.internal.concurrent.ThreadFactoryImpl$ManagedThreadRunnable.run(ThreadFactoryImpl.java:56)
  java.lang.Thread.run(Thread.java:745)]
[Test worker] WARN org.jasome.input.Scanner - Unable to parse code from file %s, ignoring

[Test worker] WARN org.jasome.input.Scanner - [(line 4,col 5) Parse error. Found "void", expected one of  "enum" "exports" "module" "open" "opens" "provides" "requires" "strictfp" "to" "transitive" "uses" "with" <IDENTIFIER>
Problem stacktrace : 
  com.github.javaparser.GeneratedJavaParser.generateParseException(GeneratedJavaParser.java:10315)
  com.github.javaparser.GeneratedJavaParser.jj_consume_token(GeneratedJavaParser.java:10174)
  com.github.javaparser.GeneratedJavaParser.Identifier(GeneratedJavaParser.java:2153)
  com.github.javaparser.GeneratedJavaParser.SimpleName(GeneratedJavaParser.java:2092)
  com.github.javaparser.GeneratedJavaParser.MethodDeclaration(GeneratedJavaParser.java:1205)
  com.github.javaparser.GeneratedJavaParser.ClassOrInterfaceBodyDeclaration(GeneratedJavaParser.java:951)
  com.github.javaparser.GeneratedJavaParser.ClassOrInterfaceBody(GeneratedJavaParser.java:845)
  com.github.javaparser.GeneratedJavaParser.ClassOrInterfaceDeclaration(GeneratedJavaParser.java:407)
  com.github.javaparser.GeneratedJavaParser.CompilationUnit(GeneratedJavaParser.java:153)
  com.github.javaparser.ParseStart$$Lambda$49/123387464.parse(Unknown Source)
  com.github.javaparser.JavaParser.parse(JavaParser.java:130)
  com.github.javaparser.JavaParser.simplifiedParse(JavaParser.java:329)
  com.github.javaparser.JavaParser.parse(JavaParser.java:301)
  org.jasome.input.Scanner.gatherPackages(Scanner.java:167)
  org.jasome.input.Scanner.doScan(Scanner.java:34)
  org.jasome.input.FileScanner.scan(FileScanner.java:51)
  org.jasome.input.FileScanner$scan.call(Unknown Source)
  org.codehaus.groovy.runtime.callsite.CallSiteArray.defaultCall(CallSiteArray.java:48)
  org.codehaus.groovy.runtime.callsite.AbstractCallSite.call(AbstractCallSite.java:113)
  org.codehaus.groovy.runtime.callsite.AbstractCallSite.call(AbstractCallSite.java:117)
  org.jasome.util.TestUtil.projectFromResources(TestUtil.groovy:59)
  org.jasome.util.TestUtil$projectFromResources$3.callStatic(Unknown Source)
  org.codehaus.groovy.runtime.callsite.CallSiteArray.defaultCallStatic(CallSiteArray.java:56)
  org.codehaus.groovy.runtime.callsite.AbstractCallSite.callStatic(AbstractCallSite.java:194)
  org.codehaus.groovy.runtime.callsite.AbstractCallSite.callStatic(AbstractCallSite.java:206)
  org.jasome.input.ScannerSpec.$spock_feature_0_0(ScannerSpec.groovy:12)
  sun.reflect.NativeMethodAccessorImpl.invoke0(Native Method)
  sun.reflect.NativeMethodAccessorImpl.invoke(NativeMethodAccessorImpl.java:62)
  sun.reflect.DelegatingMethodAccessorImpl.invoke(DelegatingMethodAccessorImpl.java:43)
  java.lang.reflect.Method.invoke(Method.java:497)
  org.spockframework.util.ReflectionUtil.invokeMethod(ReflectionUtil.java:153)
  org.spockframework.runtime.model.MethodInfo.invoke(MethodInfo.java:84)
  org.spockframework.runtime.BaseSpecRunner.invokeRaw(BaseSpecRunner.java:480)
  org.spockframework.runtime.BaseSpecRunner.invoke(BaseSpecRunner.java:463)
  org.spockframework.runtime.BaseSpecRunner.runFeatureMethod(BaseSpecRunner.java:405)
  org.spockframework.runtime.BaseSpecRunner.doRunIteration(BaseSpecRunner.java:324)
  org.spockframework.runtime.BaseSpecRunner$6.invoke(BaseSpecRunner.java:309)
  org.spockframework.runtime.BaseSpecRunner.invokeRaw(BaseSpecRunner.java:480)
  org.spockframework.runtime.BaseSpecRunner.invoke(BaseSpecRunner.java:463)
  org.spockframework.runtime.BaseSpecRunner.runIteration(BaseSpecRunner.java:288)
  org.spockframework.runtime.BaseSpecRunner.initializeAndRunIteration(BaseSpecRunner.java:278)
  org.spockframework.runtime.BaseSpecRunner.runSimpleFeature(BaseSpecRunner.java:269)
  org.spockframework.runtime.BaseSpecRunner.doRunFeature(BaseSpecRunner.java:263)
  org.spockframework.runtime.BaseSpecRunner$5.invoke(BaseSpecRunner.java:246)
  org.spockframework.runtime.BaseSpecRunner.invokeRaw(BaseSpecRunner.java:480)
  org.spockframework.runtime.BaseSpecRunner.invoke(BaseSpecRunner.java:463)
  org.spockframework.runtime.BaseSpecRunner.runFeature(BaseSpecRunner.java:238)
  org.spockframework.runtime.BaseSpecRunner.runFeatures(BaseSpecRunner.java:188)
  org.spockframework.runtime.BaseSpecRunner.doRunSpec(BaseSpecRunner.java:98)
  org.spockframework.runtime.BaseSpecRunner$1.invoke(BaseSpecRunner.java:84)
  org.spockframework.runtime.BaseSpecRunner.invokeRaw(BaseSpecRunner.java:480)
  org.spockframework.runtime.BaseSpecRunner.invoke(BaseSpecRunner.java:463)
  org.spockframework.runtime.BaseSpecRunner.runSpec(BaseSpecRunner.java:76)
  org.spockframework.runtime.BaseSpecRunner.run(BaseSpecRunner.java:67)
  org.spockframework.runtime.Sputnik.run(Sputnik.java:63)
  org.gradle.api.internal.tasks.testing.junit.JUnitTestClassExecutor.runTestClass(JUnitTestClassExecutor.java:110)
  org.gradle.api.internal.tasks.testing.junit.JUnitTestClassExecutor.execute(JUnitTestClassExecutor.java:58)
  org.gradle.api.internal.tasks.testing.junit.JUnitTestClassExecutor.execute(JUnitTestClassExecutor.java:38)
  org.gradle.api.internal.tasks.testing.junit.AbstractJUnitTestClassProcessor.processTestClass(AbstractJUnitTestClassProcessor.java:62)
  org.gradle.api.internal.tasks.testing.SuiteTestClassProcessor.processTestClass(SuiteTestClassProcessor.java:51)
  sun.reflect.GeneratedMethodAccessor19.invoke(Unknown Source)
  sun.reflect.DelegatingMethodAccessorImpl.invoke(DelegatingMethodAccessorImpl.java:43)
  java.lang.reflect.Method.invoke(Method.java:497)
  org.gradle.internal.dispatch.ReflectionDispatch.dispatch(ReflectionDispatch.java:36)
  org.gradle.internal.dispatch.ReflectionDispatch.dispatch(ReflectionDispatch.java:24)
  org.gradle.internal.dispatch.ContextClassLoaderDispatch.dispatch(ContextClassLoaderDispatch.java:33)
  org.gradle.internal.dispatch.ProxyDispatchAdapter$DispatchingInvocationHandler.invoke(ProxyDispatchAdapter.java:94)
  com.sun.proxy.$Proxy2.processTestClass(Unknown Source)
  org.gradle.api.internal.tasks.testing.worker.TestWorker.processTestClass(TestWorker.java:118)
  sun.reflect.GeneratedMethodAccessor18.invoke(Unknown Source)
  sun.reflect.DelegatingMethodAccessorImpl.invoke(DelegatingMethodAccessorImpl.java:43)
  java.lang.reflect.Method.invoke(Method.java:497)
  org.gradle.internal.dispatch.ReflectionDispatch.dispatch(ReflectionDispatch.java:36)
  org.gradle.internal.dispatch.ReflectionDispatch.dispatch(ReflectionDispatch.java:24)
  org.gradle.internal.remote.internal.hub.MessageHubBackedObjectConnection$DispatchWrapper.dispatch(MessageHubBackedObjectConnection.java:182)
  org.gradle.internal.remote.internal.hub.MessageHubBackedObjectConnection$DispatchWrapper.dispatch(MessageHubBackedObjectConnection.java:164)
  org.gradle.internal.remote.internal.hub.MessageHub$Handler.run(MessageHub.java:412)
  org.gradle.internal.concurrent.ExecutorPolicy$CatchAndRecordFailures.onExecute(ExecutorPolicy.java:64)
  org.gradle.internal.concurrent.ManagedExecutorImpl$1.run(ManagedExecutorImpl.java:48)
  java.util.concurrent.ThreadPoolExecutor.runWorker(ThreadPoolExecutor.java:1142)
  java.util.concurrent.ThreadPoolExecutor$Worker.run(ThreadPoolExecutor.java:617)
  org.gradle.internal.concurrent.ThreadFactoryImpl$ManagedThreadRunnable.run(ThreadFactoryImpl.java:56)
  java.lang.Thread.run(Thread.java:745)]
]]></system-err>
</testsuite>
