<?xml version="1.0" encoding="UTF-8"?>
<testsuite name="org.jasome.metrics.calculators.NumberOfParametersCalculatorSpec" tests="2" skipped="0" failures="0" errors="0" timestamp="2019-11-14T22:14:29" hostname="dcc-m055.nrc.ice.ufjf.br" time="0.082">
  <properties/>
  <testcase name="calculate simple metric" classname="org.jasome.metrics.calculators.NumberOfParametersCalculatorSpec" time="0.043"/>
  <testcase name="calculate simple metric with parameters" classname="org.jasome.metrics.calculators.NumberOfParametersCalculatorSpec" time="0.039"/>
  <system-out><![CDATA[]]></system-out>
  <system-err><![CDATA[Running tests using source dir /var/folders/29/n42nfjds1kjfr7zfnxl863s40000gn/T/1573769669920-0/Testdayaz
Running tests using source dir /var/folders/29/n42nfjds1kjfr7zfnxl863s40000gn/T/1573769669963-0/Testtnzhs
]]></system-err>
</testsuite>
