<?xml version="1.0" encoding="UTF-8"?>
<testsuite name="org.jasome.metrics.calculators.LackOfCohesionMethodsCalculatorSpec" tests="15" skipped="0" failures="0" errors="0" timestamp="2019-11-14T22:14:26" hostname="dcc-m055.nrc.ice.ufjf.br" time="1.622">
  <properties/>
  <testcase name="calculate simple LCOM" classname="org.jasome.metrics.calculators.LackOfCohesionMethodsCalculatorSpec" time="0.862"/>
  <testcase name="calculate simple LCOM for non-perfect example" classname="org.jasome.metrics.calculators.LackOfCohesionMethodsCalculatorSpec" time="0.101"/>
  <testcase name="calculate simple LCOM sees variable use in for loops" classname="org.jasome.metrics.calculators.LackOfCohesionMethodsCalculatorSpec" time="0.084"/>
  <testcase name="LCOM is undefined when only one method and one field" classname="org.jasome.metrics.calculators.LackOfCohesionMethodsCalculatorSpec" time="0.067"/>
  <testcase name="detects when usages have been shadowed by identically-named variables" classname="org.jasome.metrics.calculators.LackOfCohesionMethodsCalculatorSpec" time="0.043"/>
  <testcase name="detects when usages have been shadowed by identically-named variables outside of the scope in which they are used" classname="org.jasome.metrics.calculators.LackOfCohesionMethodsCalculatorSpec" time="0.049"/>
  <testcase name="simple baseline metric for straight variable access" classname="org.jasome.metrics.calculators.LackOfCohesionMethodsCalculatorSpec" time="0.054"/>
  <testcase name="simple baseline metric for low cohesion" classname="org.jasome.metrics.calculators.LackOfCohesionMethodsCalculatorSpec" time="0.043"/>
  <testcase name="detects shadowing in for loop initializer" classname="org.jasome.metrics.calculators.LackOfCohesionMethodsCalculatorSpec" time="0.046"/>
  <testcase name="baseline for field access when shadowed in lower scope" classname="org.jasome.metrics.calculators.LackOfCohesionMethodsCalculatorSpec" time="0.046"/>
  <testcase name="detects when usages have been shadowed by identically-named variables but still counts the method if it has a genuine access" classname="org.jasome.metrics.calculators.LackOfCohesionMethodsCalculatorSpec" time="0.045"/>
  <testcase name="detects when usages have been shadowed by identically-named variables but still counts the method if it has a genuine access even if shadowed declaration is in different scope from use" classname="org.jasome.metrics.calculators.LackOfCohesionMethodsCalculatorSpec" time="0.047"/>
  <testcase name="detects when usages have been shadowed in else statement" classname="org.jasome.metrics.calculators.LackOfCohesionMethodsCalculatorSpec" time="0.043"/>
  <testcase name="calculate LCOM counts assignments as usages" classname="org.jasome.metrics.calculators.LackOfCohesionMethodsCalculatorSpec" time="0.048"/>
  <testcase name="detects variable shadowing via method parameters" classname="org.jasome.metrics.calculators.LackOfCohesionMethodsCalculatorSpec" time="0.041"/>
  <system-out><![CDATA[]]></system-out>
  <system-err><![CDATA[Running tests using source dir /var/folders/29/n42nfjds1kjfr7zfnxl863s40000gn/T/1573769666695-0/Testjjsjs
Running tests using source dir /var/folders/29/n42nfjds1kjfr7zfnxl863s40000gn/T/1573769667531-0/Testnlxdc
Running tests using source dir /var/folders/29/n42nfjds1kjfr7zfnxl863s40000gn/T/1573769667633-0/Testprdjw
Running tests using source dir /var/folders/29/n42nfjds1kjfr7zfnxl863s40000gn/T/1573769667717-0/Testxmslw
Running tests using source dir /var/folders/29/n42nfjds1kjfr7zfnxl863s40000gn/T/1573769667785-0/Testqvcxj
Running tests using source dir /var/folders/29/n42nfjds1kjfr7zfnxl863s40000gn/T/1573769667827-0/Testazjxy
Running tests using source dir /var/folders/29/n42nfjds1kjfr7zfnxl863s40000gn/T/1573769667877-0/Testgrnpu
Running tests using source dir /var/folders/29/n42nfjds1kjfr7zfnxl863s40000gn/T/1573769667932-0/Testoyikr
Running tests using source dir /var/folders/29/n42nfjds1kjfr7zfnxl863s40000gn/T/1573769667974-0/Testeoywn
Running tests using source dir /var/folders/29/n42nfjds1kjfr7zfnxl863s40000gn/T/1573769668021-0/Testjiycj
Running tests using source dir /var/folders/29/n42nfjds1kjfr7zfnxl863s40000gn/T/1573769668067-0/Testtdery
Running tests using source dir /var/folders/29/n42nfjds1kjfr7zfnxl863s40000gn/T/1573769668111-0/Testtkaca
Running tests using source dir /var/folders/29/n42nfjds1kjfr7zfnxl863s40000gn/T/1573769668158-0/Testddqfs
Running tests using source dir /var/folders/29/n42nfjds1kjfr7zfnxl863s40000gn/T/1573769668201-0/Testozuhm
Running tests using source dir /var/folders/29/n42nfjds1kjfr7zfnxl863s40000gn/T/1573769668250-0/Testkulpl
]]></system-err>
</testsuite>
