<?xml version="1.0" encoding="UTF-8"?>
<testsuite name="org.jasome.metrics.calculators.NumberOfClassesCalculatorSpec" tests="3" skipped="0" failures="0" errors="0" timestamp="2019-11-14T22:14:31" hostname="dcc-m055.nrc.ice.ufjf.br" time="0.131">
  <properties/>
  <testcase name="calculate simple metric" classname="org.jasome.metrics.calculators.NumberOfClassesCalculatorSpec" time="0.043"/>
  <testcase name="calculate number of classes for empty package" classname="org.jasome.metrics.calculators.NumberOfClassesCalculatorSpec" time="0.043"/>
  <testcase name="counts interfaces when counting classes" classname="org.jasome.metrics.calculators.NumberOfClassesCalculatorSpec" time="0.044"/>
  <system-out><![CDATA[]]></system-out>
  <system-err><![CDATA[Running tests using source dir /var/folders/29/n42nfjds1kjfr7zfnxl863s40000gn/T/1573769671691-0/Testnatcf
Running tests using source dir /var/folders/29/n42nfjds1kjfr7zfnxl863s40000gn/T/1573769671734-0/Testznkuw
Running tests using source dir /var/folders/29/n42nfjds1kjfr7zfnxl863s40000gn/T/1573769671778-0/Testxgoka
]]></system-err>
</testsuite>
