<?xml version="1.0" encoding="UTF-8"?>
<testsuite name="org.jasome.metrics.calculators.CouplingFactorCalculatorTest" tests="3" skipped="0" failures="0" errors="0" timestamp="2019-11-14T22:14:30" hostname="dcc-m055.nrc.ice.ufjf.br" time="0.17">
  <properties/>
  <testcase name="properly calculates coupling factor" classname="org.jasome.metrics.calculators.CouplingFactorCalculatorTest" time="0.064"/>
  <testcase name="properly accounts for parameters" classname="org.jasome.metrics.calculators.CouplingFactorCalculatorTest" time="0.059"/>
  <testcase name="correctly calculates coupling coefficient with inheritance" classname="org.jasome.metrics.calculators.CouplingFactorCalculatorTest" time="0.047"/>
  <system-out><![CDATA[]]></system-out>
  <system-err><![CDATA[Running tests using source dir /var/folders/29/n42nfjds1kjfr7zfnxl863s40000gn/T/1573769670157-0/Testvzzhf
Running tests using source dir /var/folders/29/n42nfjds1kjfr7zfnxl863s40000gn/T/1573769670221-0/Testzfugk
Running tests using source dir /var/folders/29/n42nfjds1kjfr7zfnxl863s40000gn/T/1573769670281-0/Testxpdxl
]]></system-err>
</testsuite>
